#
# A fatal error has been detected by the Java Runtime Environment:
#
#  SIGSEGV (0xb) at pc=0x00007f3fe8a08401, pid=1644, tid=1716
#
# JRE version: OpenJDK Runtime Environment (11.0.8+10) (build 11.0.8+10-post-Ubuntu-0ubuntu118.04.1)
# Java VM: OpenJDK 64-Bit Server VM (11.0.8+10-post-Ubuntu-0ubuntu118.04.1, mixed mode, sharing, tiered, compressed oops, serial gc, linux-amd64)
# Problematic frame:
# C  [libjimage.so+0x2401]
#
# Core dump will be written. Default location: Core dumps may be processed with "/usr/share/apport/apport %p %s %c %d %P %E" (or dumping to /home/runner/a9-final-project-ellag7121/core.1644)
#
# If you would like to submit a bug report, please visit:
#   https://bugs.launchpad.net/ubuntu/+source/openjdk-lts
#

---------------  S U M M A R Y ------------

Command Line: Main

Host: Intel(R) Xeon(R) CPU @ 2.30GHz, 4 cores, 512M, Ubuntu 18.04.5 LTS
Time: Thu Nov  5 16:17:43 2020 UTC elapsed time: 17 seconds (0d 0h 0m 17s)

---------------  T H R E A D  ---------------

Current thread (0x00007f3f78001000):  JavaThread "XToolkt-Shutdown-Thread" [_thread_in_vm, id=1716, stack(0x00007f3fe3eff000,0x00007f3fe4000000)]

Stack: [0x00007f3fe3eff000,0x00007f3fe4000000],  sp=0x00007f3fe3ffd060,  free space=1016k
Native frames: (J=compiled Java code, A=aot compiled Java code, j=interpreted, Vv=VM code, C=native code)
C  [libjimage.so+0x2401]
C  [libjimage.so+0x30ea]
C  [libjimage.so+0x35c6]  JIMAGE_FindResource+0xd6
V  [libjvm.so+0x59097e]
V  [libjvm.so+0x5936e0]
V  [libjvm.so+0xd50b85]
V  [libjvm.so+0xd4e51a]
V  [libjvm.so+0xd51112]
V  [libjvm.so+0x647127]
V  [libjvm.so+0xa3c57a]
V  [libjvm.so+0x844136]
V  [libjvm.so+0x84502d]
j  sun.awt.X11.XToolkit.lambda$init$0()V+0 java.desktop@11.0.8
j  sun.awt.X11.XToolkit$$Lambda$9.run()V+4 java.desktop@11.0.8
j  java.lang.Thread.run()V+11 java.base@11.0.8
v  ~StubRoutines::call_stub
V  [libjvm.so+0x84eb09]
V  [libjvm.so+0x84cc4d]
V  [libjvm.so+0x8f6c9c]
V  [libjvm.so+0xd8996f]
V  [libjvm.so+0xd860bf]
V  [libjvm.so+0xbd632e]

Java frames: (J=compiled Java code, j=interpreted, Vv=VM code)
j  sun.awt.X11.XToolkit.lambda$init$0()V+0 java.desktop@11.0.8
j  sun.awt.X11.XToolkit$$Lambda$9.run()V+4 java.desktop@11.0.8
j  java.lang.Thread.run()V+11 java.base@11.0.8
v  ~StubRoutines::call_stub

siginfo: si_signo: 11 (SIGSEGV), si_code: 1 (SEGV_MAPERR), si_addr: 0x00007f3fdb904ca8

Register to memory mapping:

RAX=0x0000000000000b23 is an unknown value
RBX=0x00007f3fe3ffd111 is pointing into the stack for thread: 0x00007f3f78001000
RCX=0x00007f3fdb90201c is an unknown value
RDX=0x0000000000000b23 is an unknown value
RSP=0x00007f3fe3ffd060 is pointing into the stack for thread: 0x00007f3f78001000
RBP=0x00007f3fe3ffd080 is pointing into the stack for thread: 0x00007f3f78001000
RSI=0x00007f3fe3ffd110 is pointing into the stack for thread: 0x00007f3f78001000
RDI=0x00007f3fe8c0b030: <offset 0x0000000000205030> in /usr/lib/jvm/java-11-openjdk-amd64/lib/libjimage.so at 0x00007f3fe8a06000
R8 =0x0 is NULL
R9 =0x00000000ca0d71f0 is an unknown value
R10=0x00007f3fe3ffd134 is pointing into the stack for thread: 0x00007f3f78001000
R11=0x00007f3feaa4107d: <offset 0x0000000000eb307d> in /usr/lib/jvm/java-11-openjdk-amd64/lib/server/libjvm.so at 0x00007f3fe9b8e000
R12=0x00007f3fe3ffd110 is pointing into the stack for thread: 0x00007f3f78001000
R13=0x00000000000083bc is an unknown value
R14=0x00007f3fe3ffe1a8 is pointing into the stack for thread: 0x00007f3f78001000
R15=0x00007f3fb829d780 points into unknown readable memory: 73 75 6e 2f 61 77 74 2f


Registers:
RAX=0x0000000000000b23, RBX=0x00007f3fe3ffd111, RCX=0x00007f3fdb90201c, RDX=0x0000000000000b23
RSP=0x00007f3fe3ffd060, RBP=0x00007f3fe3ffd080, RSI=0x00007f3fe3ffd110, RDI=0x00007f3fe8c0b030
R8 =0x0000000000000000, R9 =0x00000000ca0d71f0, R10=0x00007f3fe3ffd134, R11=0x00007f3feaa4107d
R12=0x00007f3fe3ffd110, R13=0x00000000000083bc, R14=0x00007f3fe3ffe1a8, R15=0x00007f3fb829d780
RIP=0x00007f3fe8a08401, EFLAGS=0x0000000000010246, CSGSFS=0x002b000000000033, ERR=0x0000000000000004
  TRAPNO=0x000000000000000e

Top of Stack: (sp=0x00007f3fe3ffd060)
0x00007f3fe3ffd060:   0000000000000000 00007f3fe4009600
0x00007f3fe3ffd070:   0000000000000000 00007f3fe3ffd110
0x00007f3fe3ffd080:   00007f3fe3ffd0f0 00007f3fe8a090ea
0x00007f3fe3ffd090:   0000000000000000 0000000000000000 

Instructions: (pc=0x00007f3fe8a08401)
0x00007f3fe8a08301:   c5 4c 01 e3 48 89 ce e8 d3 f3 ff ff e9 69 fd ff
0x00007f3fe8a08311:   ff 89 d1 0f b7 74 08 fe 66 41 89 74 0e fe e9 7a
0x00007f3fe8a08321:   fe ff ff 0f 1f 40 00 8b 08 49 8d 1c 16 41 89 0e
0x00007f3fe8a08331:   89 d1 8b 74 08 fc 41 89 74 0e fc 48 8d 34 10 48
0x00007f3fe8a08341:   89 75 b8 e9 0b fe ff ff 0f 1f 80 00 00 00 00 0f
0x00007f3fe8a08351:   b6 17 55 89 f0 48 89 e5 84 d2 74 22 48 8d 4f 01
0x00007f3fe8a08361:   0f 1f 80 00 00 00 00 48 83 c1 01 0f b6 f2 0f b6
0x00007f3fe8a08371:   51 ff 69 c0 93 01 00 01 31 f0 84 d2 75 e9 25 ff
0x00007f3fe8a08381:   ff ff 7f 5d c3 66 2e 0f 1f 84 00 00 00 00 00 48
0x00007f3fe8a08391:   85 d2 0f 84 dd 00 00 00 85 c9 0f 84 d5 00 00 00
0x00007f3fe8a083a1:   55 48 89 e5 41 55 41 54 53 48 8d 5e 01 48 83 ec
0x00007f3fe8a083b1:   08 44 0f b6 06 45 84 c0 0f 84 a9 00 00 00 49 89
0x00007f3fe8a083c1:   da b8 93 01 00 01 66 0f 1f 84 00 00 00 00 00 49
0x00007f3fe8a083d1:   83 c2 01 44 69 c8 93 01 00 01 41 0f b6 c0 45 0f
0x00007f3fe8a083e1:   b6 42 ff 44 31 c8 45 84 c0 75 e4 25 ff ff ff 7f
0x00007f3fe8a083f1:   41 89 cd 48 89 d1 31 d2 41 f7 f5 49 89 f4 89 d0
0x00007f3fe8a08401:   8b 34 81 48 8b 07 ff 50 20 83 f8 00 7e 41 41 0f
0x00007f3fe8a08411:   b6 14 24 84 d2 74 1c 0f 1f 84 00 00 00 00 00 69
0x00007f3fe8a08421:   c0 93 01 00 01 48 83 c3 01 31 d0 0f b6 53 ff 84
0x00007f3fe8a08431:   d2 75 ec 25 ff ff ff 7f 31 d2 41 f7 f5 48 83 c4
0x00007f3fe8a08441:   08 89 d0 5b 41 5c 41 5d 5d c3 0f 1f 44 00 00 74
0x00007f3fe8a08451:   1d f7 d0 48 83 c4 08 89 c2 5b 89 d0 41 5c 41 5d
0x00007f3fe8a08461:   5d c3 0f 1f 44 00 00 b8 93 01 00 01 eb 82 ba ff
0x00007f3fe8a08471:   ff ff ff eb c8 83 ca ff 89 d0 c3 0f 1f 40 00 0f
0x00007f3fe8a08481:   b6 17 55 48 89 f8 48 89 e5 84 d2 75 15 eb 1a 38
0x00007f3fe8a08491:   ca 75 1c 48 83 c0 01 0f b6 10 48 83 c6 01 84 d2
0x00007f3fe8a084a1:   74 07 0f b6 0e 84 c9 75 e6 5d c3 0f 1f 40 00 31
0x00007f3fe8a084b1:   c0 5d c3 66 90 66 2e 0f 1f 84 00 00 00 00 00 55
0x00007f3fe8a084c1:   48 85 f6 48 89 e5 74 57 0f 1f 80 00 00 00 00 0f
0x00007f3fe8a084d1:   b6 06 84 c0 74 49 0f b6 d0 83 e0 07 c1 fa 03 44
0x00007f3fe8a084e1:   8d 50 01 0f b6 c0 41 89 d1 48 8d 56 01 4c 8d 44
0x00007f3fe8a084f1:   06 02 31 c0 0f 1f 00 0f b6 0a 48 c1 e0 08 48 83 


Stack slot to memory mapping:
stack at sp + 0 slots: 0x0 is NULL
stack at sp + 1 slots: 0x00007f3fe4009600 points into unknown readable memory: 50 0f 00 88 3f 7f 00 00
stack at sp + 2 slots: 0x0 is NULL
stack at sp + 3 slots: 0x00007f3fe3ffd110 is pointing into the stack for thread: 0x00007f3f78001000
stack at sp + 4 slots: 0x00007f3fe3ffd0f0 is pointing into the stack for thread: 0x00007f3f78001000
stack at sp + 5 slots: 0x00007f3fe8a090ea: <offset 0x00000000000030ea> in /usr/lib/jvm/java-11-openjdk-amd64/lib/libjimage.so at 0x00007f3fe8a06000
stack at sp + 6 slots: 0x0 is NULL
stack at sp + 7 slots: 0x0 is NULL


---------------  P R O C E S S  ---------------

Threads class SMR info:
_java_thread_list=0x00007f3f78002b40, length=17, elements={
0x00007f3fe4051000, 0x00007f3fe4053000, 0x00007f3fe4059000, 0x00007f3fe405b800,
0x00007f3fe405d800, 0x00007f3fe405f800, 0x00007f3fe409a000, 0x00007f3fe40a3000,
0x00007f3fe420e800, 0x00007f3fe4214000, 0x00007f3fe4219800, 0x00007f3fe421b800,
0x00007f3fe4016000, 0x00007f3f80178800, 0x00007f3fb4001000, 0x00007f3fb4003000,
0x00007f3f78001000
}

Java Threads: ( => current thread )
  0x00007f3fe4051000 JavaThread "Reference Handler" daemon [_thread_blocked, id=1647, stack(0x00007f3fcbb8b000,0x00007f3fcbc8c000)]
  0x00007f3fe4053000 JavaThread "Finalizer" daemon [_thread_blocked, id=1648, stack(0x00007f3fcba8a000,0x00007f3fcbb8b000)]
  0x00007f3fe4059000 JavaThread "Signal Dispatcher" daemon [_thread_blocked, id=1649, stack(0x00007f3fcb7ee000,0x00007f3fcb8ef000)]
  0x00007f3fe405b800 JavaThread "C2 CompilerThread0" daemon [_thread_blocked, id=1650, stack(0x00007f3fcb6ed000,0x00007f3fcb7ee000)]
  0x00007f3fe405d800 JavaThread "C1 CompilerThread0" daemon [_thread_blocked, id=1651, stack(0x00007f3fcb5ec000,0x00007f3fcb6ed000)]
  0x00007f3fe405f800 JavaThread "Sweeper thread" daemon [_thread_blocked, id=1652, stack(0x00007f3fcb4eb000,0x00007f3fcb5ec000)]
  0x00007f3fe409a000 JavaThread "Service Thread" daemon [_thread_blocked, id=1653, stack(0x00007f3fcb3ea000,0x00007f3fcb4eb000)]
  0x00007f3fe40a3000 JavaThread "Common-Cleaner" daemon [_thread_blocked, id=1655, stack(0x00007f3fcb1e7000,0x00007f3fcb2e8000)]
  0x00007f3fe420e800 JavaThread "Java2D Disposer" daemon [_thread_blocked, id=1707, stack(0x00007f3fa188c000,0x00007f3fa198d000)]
  0x00007f3fe4214000 JavaThread "AWT-XAWT" daemon [_thread_in_native, id=1708, stack(0x00007f3fa178b000,0x00007f3fa188c000)]
  0x00007f3fe4219800 JavaThread "AWT-Shutdown" [_thread_blocked, id=1709, stack(0x00007f3fa168a000,0x00007f3fa178b000)]
  0x00007f3fe421b800 JavaThread "AWT-EventQueue-0" [_thread_blocked, id=1710, stack(0x00007f3fa1589000,0x00007f3fa168a000)]
  0x00007f3fe4016000 JavaThread "DestroyJavaVM" [_thread_blocked, id=1645, stack(0x00007f3febcfb000,0x00007f3febdfc000)]
  0x00007f3f80178800 JavaThread "TimerQueue" daemon [_thread_blocked, id=1711, stack(0x00007f3fa1488000,0x00007f3fa1589000)]
  0x00007f3fb4001000 JavaThread "SIGTERM handler" daemon [_thread_blocked, id=1714, stack(0x00007f3fa1187000,0x00007f3fa1288000)]
  0x00007f3fb4003000 JavaThread "SIGHUP handler" daemon [_thread_blocked, id=1715, stack(0x00007f3fa1086000,0x00007f3fa1187000)]
=>0x00007f3f78001000 JavaThread "XToolkt-Shutdown-Thread" [_thread_in_vm, id=1716, stack(0x00007f3fe3eff000,0x00007f3fe4000000)]

Other Threads:
  0x00007f3fe404e000 VMThread "VM Thread" [stack: 0x00007f3fcbc8e000,0x00007f3fcbd8e000] [id=1646]
  0x00007f3fe409c000 WatcherThread [stack: 0x00007f3fcb2ea000,0x00007f3fcb3ea000] [id=1654]

Threads with active compile tasks:

VM state:not at safepoint (normal execution)

VM Mutex/Monitor currently owned by a thread: None

Heap address: 0x00000000f8000000, size: 128 MB, Compressed Oops mode: 32-bit
Narrow klass base: 0x0000000800000000, Narrow klass shift: 3
Compressed class space size: 1073741824 Address: 0x0000000840000000

Heap:
 def new generation   total 2432K, used 921K [0x00000000f8000000, 0x00000000f82a0000, 0x00000000faaa0000)
  eden space 2176K,  32% used [0x00000000f8000000, 0x00000000f80aedf0, 0x00000000f8220000)
  from space 256K,  86% used [0x00000000f8260000, 0x00000000f8297928, 0x00000000f82a0000)
  to   space 256K,   0% used [0x00000000f8220000, 0x00000000f8220000, 0x00000000f8260000)
 tenured generation   total 5504K, used 2161K [0x00000000faaa0000, 0x00000000fb000000, 0x0000000100000000)
   the space 5504K,  39% used [0x00000000faaa0000, 0x00000000facbc5f8, 0x00000000facbc600, 0x00000000fb000000)
 Metaspace       used 9759K, capacity 10272K, committed 10624K, reserved 1058816K
  class space    used 1135K, capacity 1357K, committed 1408K, reserved 1048576K

Card table byte_map: [0x00007f3febcba000,0x00007f3febcfb000] _byte_map_base: 0x00007f3feb4fa000

Polling page: 0x00007f3febe18000

Metaspace:

Usage:
  Non-class:      8.71 MB capacity,     8.42 MB ( 97%) used,   239.52 KB (  3%) free+waste,    52.25 KB ( <1%) overhead. 
      Class:      1.33 MB capacity,     1.11 MB ( 84%) used,   191.61 KB ( 14%) free+waste,    29.56 KB (  2%) overhead. 
       Both:     10.03 MB capacity,     9.53 MB ( 95%) used,   431.13 KB (  4%) free+waste,    81.81 KB ( <1%) overhead. 

Virtual space:
  Non-class space:       10.00 MB reserved,       9.00 MB ( 90%) committed 
      Class space:        1.00 GB reserved,       1.38 MB ( <1%) committed 
             Both:        1.01 GB reserved,      10.38 MB (  1%) committed 

Chunk freelists:
   Non-Class:  141.00 KB
       Class:  19.00 KB
        Both:  160.00 KB

MaxMetaspaceSize: unlimited
CompressedClassSpaceSize: 1.00 GB

CodeHeap 'non-profiled nmethods': size=120036Kb used=314Kb max_used=314Kb free=119721Kb
 bounds [0x00007f3fd41c1000, 0x00007f3fd4431000, 0x00007f3fdb6fa000]
CodeHeap 'profiled nmethods': size=120032Kb used=1611Kb max_used=1611Kb free=118420Kb
 bounds [0x00007f3fccc89000, 0x00007f3fccef9000, 0x00007f3fd41c1000]
CodeHeap 'non-nmethods': size=5692Kb used=1244Kb max_used=1256Kb free=4447Kb
 bounds [0x00007f3fcc6fa000, 0x00007f3fcc96a000, 0x00007f3fccc89000]
 total_blobs=1651 nmethods=1002 adapters=564
 compilation: enabled
              stopped_count=0, restarted_count=0
 full_count=0

Compilation events (20 events):
Event: 16.086 Thread 0x00007f3fe405d800 nmethod 995 0x00007f3fd420ee10 code [0x00007f3fd420efc0, 0x00007f3fd420f090]
Event: 16.086 Thread 0x00007f3fe405b800 nmethod 996 0x00007f3fd420f110 code [0x00007f3fd420f2a0, 0x00007f3fd420f318]
Event: 16.122 Thread 0x00007f3fe405d800  997       3       sun.awt.X11.XEvent::get_xany (22 bytes)
Event: 16.123 Thread 0x00007f3fe405d800 nmethod 997 0x00007f3fcce16790 code [0x00007f3fcce169a0, 0x00007f3fcce16f90]
Event: 16.123 Thread 0x00007f3fe405d800  998       3       sun.awt.X11.XAnyEvent::<init> (30 bytes)
Event: 16.123 Thread 0x00007f3fe405d800 nmethod 998 0x00007f3fcce17190 code [0x00007f3fcce17380, 0x00007f3fcce17720]
Event: 16.161 Thread 0x00007f3fe405d800  999       3       sun.java2d.pipe.Region::clipRound (34 bytes)
Event: 16.162 Thread 0x00007f3fe405d800 nmethod 999 0x00007f3fcce17890 code [0x00007f3fcce17ac0, 0x00007f3fcce17dc0]
Event: 16.162 Thread 0x00007f3fe405d800 1001       3       java.security.AccessController::getContext (23 bytes)
Event: 16.163 Thread 0x00007f3fe405d800 nmethod 1001 0x00007f3fcce17f10 code [0x00007f3fcce180e0, 0x00007f3fcce18390]
Event: 16.163 Thread 0x00007f3fe405d800 1003       3       java.awt.Component::getCursor_NoClientCode (30 bytes)
Event: 16.163 Thread 0x00007f3fe405d800 nmethod 1003 0x00007f3fcce18510 code [0x00007f3fcce18700, 0x00007f3fcce18a40]
Event: 16.174 Thread 0x00007f3fe405d800 1004  s!   3       java.awt.Toolkit::getDefaultToolkit (34 bytes)
Event: 16.175 Thread 0x00007f3fe405d800 nmethod 1004 0x00007f3fcce18b90 code [0x00007f3fcce18dc0, 0x00007f3fcce19640]
Event: 16.615 Thread 0x00007f3fe405d800 1005       3       java.awt.font.FontRenderContext::equals (127 bytes)
Event: 16.618 Thread 0x00007f3fe405d800 nmethod 1005 0x00007f3fcce19890 code [0x00007f3fcce19b80, 0x00007f3fcce1aeb0]
Event: 16.618 Thread 0x00007f3fe405d800 1007       3       sun.java2d.loops.ProcessPath::TESTANDCLIP (99 bytes)
Event: 16.619 Thread 0x00007f3fe405d800 nmethod 1007 0x00007f3fcce1b290 code [0x00007f3fcce1b460, 0x00007f3fcce1b8f0]
Event: 16.619 Thread 0x00007f3fe405d800 1006       3       sun.awt.SunHints$Value::hashCode (5 bytes)
Event: 16.619 Thread 0x00007f3fe405d800 nmethod 1006 0x00007f3fcce1bb10 code [0x00007f3fcce1bcc0, 0x00007f3fcce1be00]

GC Heap History (10 events):
Event: 1.450 GC heap before
{Heap before GC invocations=0 (full 0):
 def new generation   total 2432K, used 2176K [0x00000000f8000000, 0x00000000f82a0000, 0x00000000faaa0000)
  eden space 2176K, 100% used [0x00000000f8000000, 0x00000000f8220000, 0x00000000f8220000)
  from space 256K,   0% used [0x00000000f8220000, 0x00000000f8220000, 0x00000000f8260000)
  to   space 256K,   0% used [0x00000000f8260000, 0x00000000f8260000, 0x00000000f82a0000)
 tenured generation   total 5504K, used 0K [0x00000000faaa0000, 0x00000000fb000000, 0x0000000100000000)
   the space 5504K,   0% used [0x00000000faaa0000, 0x00000000faaa0000, 0x00000000faaa0200, 0x00000000fb000000)
 Metaspace       used 1269K, capacity 4703K, committed 4864K, reserved 1056768K
  class space    used 117K, capacity 441K, committed 512K, reserved 1048576K
}
Event: 1.464 GC heap after
{Heap after GC invocations=1 (full 0):
 def new generation   total 2432K, used 256K [0x00000000f8000000, 0x00000000f82a0000, 0x00000000faaa0000)
  eden space 2176K,   0% used [0x00000000f8000000, 0x00000000f8000000, 0x00000000f8220000)
  from space 256K, 100% used [0x00000000f8260000, 0x00000000f82a0000, 0x00000000f82a0000)
  to   space 256K,   0% used [0x00000000f8220000, 0x00000000f8220000, 0x00000000f8260000)
 tenured generation   total 5504K, used 624K [0x00000000faaa0000, 0x00000000fb000000, 0x0000000100000000)
   the space 5504K,  11% used [0x00000000faaa0000, 0x00000000fab3c280, 0x00000000fab3c400, 0x00000000fb000000)
 Metaspace       used 1269K, capacity 4703K, committed 4864K, reserved 1056768K
  class space    used 117K, capacity 441K, committed 512K, reserved 1048576K
}
Event: 8.566 GC heap before
{Heap before GC invocations=1 (full 0):
 def new generation   total 2432K, used 2432K [0x00000000f8000000, 0x00000000f82a0000, 0x00000000faaa0000)
  eden space 2176K, 100% used [0x00000000f8000000, 0x00000000f8220000, 0x00000000f8220000)
  from space 256K, 100% used [0x00000000f8260000, 0x00000000f82a0000, 0x00000000f82a0000)
  to   space 256K,   0% used [0x00000000f8220000, 0x00000000f8220000, 0x00000000f8260000)
 tenured generation   total 5504K, used 624K [0x00000000faaa0000, 0x00000000fb000000, 0x0000000100000000)
   the space 5504K,  11% used [0x00000000faaa0000, 0x00000000fab3c280, 0x00000000fab3c400, 0x00000000fb000000)
 Metaspace       used 4169K, capacity 4922K, committed 5248K, reserved 1056768K
  class space    used 419K, capacity 521K, committed 640K, reserved 1048576K
}
Event: 8.579 GC heap after
{Heap after GC invocations=2 (full 0):
 def new generation   total 2432K, used 255K [0x00000000f8000000, 0x00000000f82a0000, 0x00000000faaa0000)
  eden space 2176K,   0% used [0x00000000f8000000, 0x00000000f8000000, 0x00000000f8220000)
  from space 256K,  99% used [0x00000000f8220000, 0x00000000f825fff8, 0x00000000f8260000)
  to   space 256K,   0% used [0x00000000f8260000, 0x00000000f8260000, 0x00000000f82a0000)
 tenured generation   total 5504K, used 1122K [0x00000000faaa0000, 0x00000000fb000000, 0x0000000100000000)
   the space 5504K,  20% used [0x00000000faaa0000, 0x00000000fabb8af0, 0x00000000fabb8c00, 0x00000000fb000000)
 Metaspace       used 4169K, capacity 4922K, committed 5248K, reserved 1056768K
  class space    used 419K, capacity 521K, committed 640K, reserved 1048576K
}
Event: 9.394 GC heap before
{Heap before GC invocations=2 (full 0):
 def new generation   total 2432K, used 2431K [0x00000000f8000000, 0x00000000f82a0000, 0x00000000faaa0000)
  eden space 2176K, 100% used [0x00000000f8000000, 0x00000000f8220000, 0x00000000f8220000)
  from space 256K,  99% used [0x00000000f8220000, 0x00000000f825fff8, 0x00000000f8260000)
  to   space 256K,   0% used [0x00000000f8260000, 0x00000000f8260000, 0x00000000f82a0000)
 tenured generation   total 5504K, used 1122K [0x00000000faaa0000, 0x00000000fb000000, 0x0000000100000000)
   the space 5504K,  20% used [0x00000000faaa0000, 0x00000000fabb8af0, 0x00000000fabb8c00, 0x00000000fb000000)
 Metaspace       used 5733K, capacity 6061K, committed 6272K, reserved 1056768K
  class space    used 625K, capacity 783K, committed 896K, reserved 1048576K
}
Event: 9.399 GC heap after
{Heap after GC invocations=3 (full 0):
 def new generation   total 2432K, used 256K [0x00000000f8000000, 0x00000000f82a0000, 0x00000000faaa0000)
  eden space 2176K,   0% used [0x00000000f8000000, 0x00000000f8000000, 0x00000000f8220000)
  from space 256K, 100% used [0x00000000f8260000, 0x00000000f82a0000, 0x00000000f82a0000)
  to   space 256K,   0% used [0x00000000f8220000, 0x00000000f8220000, 0x00000000f8260000)
 tenured generation   total 5504K, used 1508K [0x00000000faaa0000, 0x00000000fb000000, 0x0000000100000000)
   the space 5504K,  27% used [0x00000000faaa0000, 0x00000000fac191d8, 0x00000000fac19200, 0x00000000fb000000)
 Metaspace       used 5733K, capacity 6061K, committed 6272K, reserved 1056768K
  class space    used 625K, capacity 783K, committed 896K, reserved 1048576K
}
Event: 10.373 GC heap before
{Heap before GC invocations=3 (full 0):
 def new generation   total 2432K, used 2432K [0x00000000f8000000, 0x00000000f82a0000, 0x00000000faaa0000)
  eden space 2176K, 100% used [0x00000000f8000000, 0x00000000f8220000, 0x00000000f8220000)
  from space 256K, 100% used [0x00000000f8260000, 0x00000000f82a0000, 0x00000000f82a0000)
  to   space 256K,   0% used [0x00000000f8220000, 0x00000000f8220000, 0x00000000f8260000)
 tenured generation   total 5504K, used 1508K [0x00000000faaa0000, 0x00000000fb000000, 0x0000000100000000)
   the space 5504K,  27% used [0x00000000faaa0000, 0x00000000fac191d8, 0x00000000fac19200, 0x00000000fb000000)
 Metaspace       used 8191K, capacity 8636K, committed 8832K, reserved 1056768K
  class space    used 925K, capacity 1109K, committed 1152K, reserved 1048576K
}
Event: 10.396 GC heap after
{Heap after GC invocations=4 (full 0):
 def new generation   total 2432K, used 256K [0x00000000f8000000, 0x00000000f82a0000, 0x00000000faaa0000)
  eden space 2176K,   0% used [0x00000000f8000000, 0x00000000f8000000, 0x00000000f8220000)
  from space 256K, 100% used [0x00000000f8220000, 0x00000000f8260000, 0x00000000f8260000)
  to   space 256K,   0% used [0x00000000f8260000, 0x00000000f8260000, 0x00000000f82a0000)
 tenured generation   total 5504K, used 1915K [0x00000000faaa0000, 0x00000000fb000000, 0x0000000100000000)
   the space 5504K,  34% used [0x00000000faaa0000, 0x00000000fac7eec0, 0x00000000fac7f000, 0x00000000fb000000)
 Metaspace       used 8191K, capacity 8636K, committed 8832K, reserved 1056768K
  class space    used 925K, capacity 1109K, committed 1152K, reserved 1048576K
}
Event: 10.805 GC heap before
{Heap before GC invocations=4 (full 0):
 def new generation   total 2432K, used 2432K [0x00000000f8000000, 0x00000000f82a0000, 0x00000000faaa0000)
  eden space 2176K, 100% used [0x00000000f8000000, 0x00000000f8220000, 0x00000000f8220000)
  from space 256K, 100% used [0x00000000f8220000, 0x00000000f8260000, 0x00000000f8260000)
  to   space 256K,   0% used [0x00000000f8260000, 0x00000000f8260000, 0x00000000f82a0000)
 tenured generation   total 5504K, used 1915K [0x00000000faaa0000, 0x00000000fb000000, 0x0000000100000000)
   the space 5504K,  34% used [0x00000000faaa0000, 0x00000000fac7eec0, 0x00000000fac7f000, 0x00000000fb000000)
 Metaspace       used 8451K, capacity 8977K, committed 9216K, reserved 1056768K
  class space    used 978K, capacity 1224K, committed 1280K, reserved 1048576K
}
Event: 10.822 GC heap after
{Heap after GC invocations=5 (full 0):
 def new generation   total 2432K, used 222K [0x00000000f8000000, 0x00000000f82a0000, 0x00000000faaa0000)
  eden space 2176K,   0% used [0x00000000f8000000, 0x00000000f8000000, 0x00000000f8220000)
  from space 256K,  86% used [0x00000000f8260000, 0x00000000f8297928, 0x00000000f82a0000)
  to   space 256K,   0% used [0x00000000f8220000, 0x00000000f8220000, 0x00000000f8260000)
 tenured generation   total 5504K, used 2161K [0x00000000faaa0000, 0x00000000fb000000, 0x0000000100000000)
   the space 5504K,  39% used [0x00000000faaa0000, 0x00000000facbc5f8, 0x00000000facbc600, 0x00000000fb000000)
 Metaspace       used 8451K, capacity 8977K, committed 9216K, reserved 1056768K
  class space    used 978K, capacity 1224K, committed 1280K, reserved 1048576K
}

Deoptimization events (12 events):
Event: 0.610 Thread 0x00007f3fe4016000 Uncommon trap: trap_request=0xffffff4d fr.pc=0x00007f3fd41c5160 relative=0x00000000000001c0
Event: 0.610 Thread 0x00007f3fe4016000 Uncommon trap: reason=unstable_if action=reinterpret pc=0x00007f3fd41c5160 method=java.lang.String.hashCode()I @ 14 c2
Event: 0.610 Thread 0x00007f3fe4016000 DEOPT PACKING pc=0x00007f3fd41c5160 sp=0x00007f3febdf91b0
Event: 0.610 Thread 0x00007f3fe4016000 DEOPT UNPACKING pc=0x00007f3fcc7201a5 sp=0x00007f3febdf9168 mode 2
Event: 10.094 Thread 0x00007f3fe421b800 Uncommon trap: trap_request=0xffffffc6 fr.pc=0x00007f3fd41f5ba8 relative=0x0000000000000788
Event: 10.094 Thread 0x00007f3fe421b800 Uncommon trap: reason=bimorphic_or_optimized_type_check action=maybe_recompile pc=0x00007f3fd41f5ba8 method=java.util.concurrent.ConcurrentHashMap.get(Ljava/lang/Object;)Ljava/lang/Object; @ 149 c2
Event: 10.094 Thread 0x00007f3fe421b800 DEOPT PACKING pc=0x00007f3fd41f5ba8 sp=0x00007f3fa1682c20
Event: 10.094 Thread 0x00007f3fe421b800 DEOPT UNPACKING pc=0x00007f3fcc7201a5 sp=0x00007f3fa1682bc0 mode 2
Event: 10.824 Thread 0x00007f3fe421b800 Uncommon trap: trap_request=0xffffff4d fr.pc=0x00007f3fd41f5e28 relative=0x0000000000000a08
Event: 10.824 Thread 0x00007f3fe421b800 Uncommon trap: reason=unstable_if action=reinterpret pc=0x00007f3fd41f5e28 method=java.lang.invoke.MethodType$ConcurrentWeakInternSet$WeakEntry.equals(Ljava/lang/Object;)Z @ 21 c2
Event: 10.824 Thread 0x00007f3fe421b800 DEOPT PACKING pc=0x00007f3fd41f5e28 sp=0x00007f3fa1684b30
Event: 10.824 Thread 0x00007f3fe421b800 DEOPT UNPACKING pc=0x00007f3fcc7201a5 sp=0x00007f3fa1684a50 mode 2

Classes redefined (0 events):
No events

Internal exceptions (20 events):
Event: 8.812 Thread 0x00007f3fe421b800 Exception <a 'java/lang/NoSuchMethodError'{0x00000000f8069360}: 'java.lang.Object java.lang.invoke.DirectMethodHandle$Holder.invokeStatic(java.lang.Object, int, java.lang.Object, java.lang.Object, java.lang.Object, java.lang.Object)'> (0x00000000f8069360) thrown at [./src/hotspot/share/interpreter/linkResolver.cpp, line 773]
Event: 8.819 Thread 0x00007f3fe421b800 Exception <a 'java/lang/NoSuchMethodError'{0x00000000f8070908}: 'java.lang.Object java.lang.invoke.DirectMethodHandle$Holder.invokeStatic(java.lang.Object, int, java.lang.Object, java.lang.Object, java.lang.Object)'> (0x00000000f8070908) thrown at [./src/hotspot/share/interpreter/linkResolver.cpp, line 773]
Event: 8.823 Thread 0x00007f3fe421b800 Exception <a 'java/lang/NoSuchMethodError'{0x00000000f8074698}: 'java.lang.Object java.lang.invoke.DirectMethodHandle$Holder.invokeSpecial(java.lang.Object, java.lang.Object, int, java.lang.Object, java.lang.Object, java.lang.Object)'> (0x00000000f8074698) thrown at [./src/hotspot/share/interpreter/linkResolver.cpp, line 773]
Event: 8.875 Thread 0x00007f3fe421b800 Exception <a 'java/lang/NoSuchMethodError'{0x00000000f808d2a8}: 'java.lang.Object java.lang.invoke.DirectMethodHandle$Holder.invokeStatic(java.lang.Object, int, java.lang.Object)'> (0x00000000f808d2a8) thrown at [./src/hotspot/share/interpreter/linkResolver.cpp, line 773]
Event: 9.200 Thread 0x00007f3fe421b800 Exception <a 'java/lang/NoSuchMethodError'{0x00000000f818d180}: 'java.lang.Object java.lang.invoke.Invokers$Holder.linkToTargetMethod(java.lang.Object, int, java.lang.Object)'> (0x00000000f818d180) thrown at [./src/hotspot/share/interpreter/linkResolver.cpp, line 773]
Event: 9.217 Thread 0x00007f3fe421b800 Exception <a 'java/lang/ClassNotFoundException'{0x00000000f8195728}: com/sun/swing/internal/plaf/metal/resources/spi/metalProvider> (0x00000000f8195728) thrown at [./src/hotspot/share/classfile/systemDictionary.cpp, line 231]
Event: 9.227 Thread 0x00007f3fe421b800 Exception <a 'java/lang/ClassNotFoundException'{0x00000000f819a138}: com/sun/swing/internal/plaf/basic/resources/spi/basicProvider> (0x00000000f819a138) thrown at [./src/hotspot/share/classfile/systemDictionary.cpp, line 231]
Event: 9.383 Thread 0x00007f3fe421b800 Exception <a 'java/lang/NoSuchMethodError'{0x00000000f82131c8}: 'void java.lang.invoke.DirectMethodHandle$Holder.invokeStaticInit(java.lang.Object)'> (0x00000000f82131c8) thrown at [./src/hotspot/share/interpreter/linkResolver.cpp, line 773]
Event: 9.415 Thread 0x00007f3fe421b800 Exception <a 'java/lang/NoSuchMethodError'{0x00000000f80318b0}: 'java.lang.Object java.lang.invoke.DirectMethodHandle$Holder.invokeStatic(java.lang.Object, java.lang.Object, java.lang.Object, java.lang.Object, java.lang.Object, java.lang.Object, java.lang.Object, java.lang.Object, java.lang.Object, java.lang.Object, java.lang.Object, java.lang.Object, java.lang.Object, int)'> (0x00000000f80318b0) thrown at [./src/hotspot/share/interpreter/linkResolver.cpp, line 773]
Event: 9.465 Thread 0x00007f3fe421b800 Exception <a 'java/lang/NoSuchMethodError'{0x00000000f803eac8}: 'java.lang.Object java.lang.invoke.DirectMethodHandle$Holder.invokeStatic(java.lang.Object, java.lang.Object, java.lang.Object, java.lang.Object, java.lang.Object, java.lang.Object, java.lang.Object, java.lang.Object, java.lang.Object, java.lang.Object, java.lang.Object, java.lang.Object, java.lang.Object, int, int)'> (0x00000000f803eac8) thrown at [./src/hotspot/share/interpreter/linkResolver.cpp, line 773]
Event: 10.258 Thread 0x00007f3fe421b800 Exception <a 'java/lang/NoSuchMethodError'{0x00000000f8191d10}: 'java.lang.Object java.lang.invoke.DirectMethodHandle$Holder.invokeSpecial(java.lang.Object, java.lang.Object, int, int, java.lang.Object, java.lang.Object, java.lang.Object, java.lang.Object, java.lang.Object)'> (0x00000000f8191d10) thrown at [./src/hotspot/share/interpreter/linkResolver.cpp, line 773]
Event: 10.258 Thread 0x00007f3fe421b800 Exception <a 'java/lang/NoSuchMethodError'{0x00000000f8195c10}: 'java.lang.Object java.lang.invoke.DelegatingMethodHandle$Holder.reinvoke_L(java.lang.Object, int, int, java.lang.Object, java.lang.Object, java.lang.Object, java.lang.Object, java.lang.Object)'> (0x00000000f8195c10) thrown at [./src/hotspot/share/interpreter/linkResolver.cpp, line 773]
Event: 10.457 Thread 0x00007f3fe421b800 Exception <a 'java/lang/NoSuchMethodError'{0x00000000f801f050}: 'java.lang.Object java.lang.invoke.Invokers$Holder.linkToTargetMethod(java.lang.Object, java.lang.Object, java.lang.Object, java.lang.Object, java.lang.Object, java.lang.Object)'> (0x00000000f801f050) thrown at [./src/hotspot/share/interpreter/linkResolver.cpp, line 773]
Event: 10.491 Thread 0x00007f3fe421b800 Exception <a 'java/lang/NoSuchMethodError'{0x00000000f808e7f8}: 'java.lang.Object java.lang.invoke.DirectMethodHandle$Holder.invokeSpecial(java.lang.Object, java.lang.Object, int, int, java.lang.Object, java.lang.Object, java.lang.Object, java.lang.Object)'> (0x00000000f808e7f8) thrown at [./src/hotspot/share/interpreter/linkResolver.cpp, line 773]
Event: 10.492 Thread 0x00007f3fe421b800 Exception <a 'java/lang/NoSuchMethodError'{0x00000000f8092418}: 'java.lang.Object java.lang.invoke.DelegatingMethodHandle$Holder.reinvoke_L(java.lang.Object, int, int, java.lang.Object, java.lang.Object, java.lang.Object, java.lang.Object)'> (0x00000000f8092418) thrown at [./src/hotspot/share/interpreter/linkResolver.cpp, line 773]
Event: 10.793 Thread 0x00007f3fe421b800 Exception <a 'java/lang/NoSuchMethodError'{0x00000000f81eb438}: 'java.lang.Object java.lang.invoke.DirectMethodHandle$Holder.invokeStatic(java.lang.Object, java.lang.Object, java.lang.Object, java.lang.Object, java.lang.Object, java.lang.Object, java.lang.Object, java.lang.Object, java.lang.Object, java.lang.Object, java.lang.Object, int)'> (0x00000000f81eb438) thrown at [./src/hotspot/share/interpreter/linkResolver.cpp, line 773]
Event: 10.802 Thread 0x00007f3fe421b800 Exception <a 'java/lang/NoSuchMethodError'{0x00000000f8209ce8}: 'java.lang.Object java.lang.invoke.DirectMethodHandle$Holder.invokeStatic(java.lang.Object, java.lang.Object, java.lang.Object, java.lang.Object, java.lang.Object, java.lang.Object, java.lang.Object, java.lang.Object, java.lang.Object, java.lang.Object, java.lang.Object, int, int)'> (0x00000000f8209ce8) thrown at [./src/hotspot/share/interpreter/linkResolver.cpp, line 773]
Event: 10.824 Thread 0x00007f3fe421b800 Implicit null exception at 0x00007f3fd41f5549 to 0x00007f3fd41f5dfc
Event: 10.837 Thread 0x00007f3fe421b800 Exception <a 'java/lang/NoSuchMethodError'{0x00000000f8008070}: 'java.lang.Object java.lang.invoke.DirectMethodHandle$Holder.invokeStatic(java.lang.Object, java.lang.Object, java.lang.Object, java.lang.Object, java.lang.Object, java.lang.Object, java.lang.Object, java.lang.Object, java.lang.Object, java.lang.Object, java.lang.Object, int, int, java.lang.Object)'> (0x00000000f8008070) thrown at [./src/hotspot/share/interpreter/linkResolver.cpp, line 773]
Event: 10.859 Thread 0x00007f3fe421b800 Exception <a 'java/lang/NoSuchMethodError'{0x00000000f8029d18}: 'java.lang.Object java.lang.invoke.DirectMethodHandle$Holder.invokeStatic(java.lang.Object, java.lang.Object, java.lang.Object, java.lang.Object, java.lang.Object, java.lang.Object, java.lang.Object, java.lang.Object, java.lang.Object, java.lang.Object, java.lang.Object, int, int, java.lang.Object, java.lang.Object)'> (0x00000000f8029d18) thrown at [./src/hotspot/share/interpreter/linkResolver.cpp, line 773]

Events (20 events):
Event: 15.767 loading class sun/awt/X11/XMotionEvent
Event: 15.767 loading class sun/awt/X11/XMotionEvent done
Event: 15.768 loading class java/awt/event/MouseWheelEvent
Event: 15.768 loading class java/awt/event/MouseWheelEvent done
Event: 16.162 Loaded shared library /usr/lib/jvm/java-11-openjdk-amd64/lib/libawt_xawt.so
Event: 17.541 loading class jdk/internal/misc/Signal$1
Event: 17.541 loading class jdk/internal/misc/Signal$1 done
Event: 17.541 Thread 0x00007f3fb4001000 Thread added: 0x00007f3fb4001000
Event: 17.542 Protecting memory [0x00007f3fa1187000,0x00007f3fa118b000] with protection modes 0
Event: 17.542 Executing VM operation: RevokeBias
Event: 17.543 Thread 0x00007f3fb4003000 Thread added: 0x00007f3fb4003000
Event: 17.543 Protecting memory [0x00007f3fa1086000,0x00007f3fa108a000] with protection modes 0
Event: 17.543 Executing VM operation: RevokeBias done
Event: 17.543 Executing VM operation: RevokeBias
Event: 17.543 Executing coalesced safepoint VM operation: RevokeBias
Event: 17.543 Executing coalesced safepoint VM operation: RevokeBias done
Event: 17.543 Executing VM operation: RevokeBias done
Event: 17.544 Thread 0x00007f3f78001000 Thread added: 0x00007f3f78001000
Event: 17.544 Protecting memory [0x00007f3fe3eff000,0x00007f3fe3f03000] with protection modes 0
Event: 17.544 loading class sun/awt/X11/XSystemTrayPeer


Dynamic libraries:
f8000000-f82a0000 rw-p 00000000 00:00 0 
f82a0000-faaa0000 ---p 00000000 00:00 0 
faaa0000-fb000000 rw-p 00000000 00:00 0 
fb000000-100000000 ---p 00000000 00:00 0 
800000000-800002000 rwxp 00001000 08:01 2329063                          /usr/lib/jvm/java-11-openjdk-amd64/lib/server/classes.jsa
800002000-8003b8000 rw-p 00003000 08:01 2329063                          /usr/lib/jvm/java-11-openjdk-amd64/lib/server/classes.jsa
8003b8000-800a93000 r--p 003b9000 08:01 2329063                          /usr/lib/jvm/java-11-openjdk-amd64/lib/server/classes.jsa
800a93000-800a94000 rw-p 00a94000 08:01 2329063                          /usr/lib/jvm/java-11-openjdk-amd64/lib/server/classes.jsa
800a94000-8010a0000 r--p 00a95000 08:01 2329063                          /usr/lib/jvm/java-11-openjdk-amd64/lib/server/classes.jsa
840000000-840160000 rw-p 00000000 00:00 0 
840160000-880000000 ---p 00000000 00:00 0 
555cecc80000-555cecc81000 r-xp 00000000 08:01 2328695                    /usr/lib/jvm/java-11-openjdk-amd64/bin/java
555cece81000-555cece82000 r--p 00001000 08:01 2328695                    /usr/lib/jvm/java-11-openjdk-amd64/bin/java
555cece82000-555cece83000 rw-p 00002000 08:01 2328695                    /usr/lib/jvm/java-11-openjdk-amd64/bin/java
555cee6b9000-555cee6da000 rw-p 00000000 00:00 0                          [heap]
7f3f78000000-7f3f78021000 rw-p 00000000 00:00 0 
7f3f78021000-7f3f7c000000 ---p 00000000 00:00 0 
7f3f7c000000-7f3f7c021000 rw-p 00000000 00:00 0 
7f3f7c021000-7f3f80000000 ---p 00000000 00:00 0 
7f3f80000000-7f3f80325000 rw-p 00000000 00:00 0 
7f3f80325000-7f3f84000000 ---p 00000000 00:00 0 
7f3f84000000-7f3f84021000 rw-p 00000000 00:00 0 
7f3f84021000-7f3f88000000 ---p 00000000 00:00 0 
7f3f88000000-7f3f88021000 rw-p 00000000 00:00 0 
7f3f88021000-7f3f8c000000 ---p 00000000 00:00 0 
7f3f8c000000-7f3f8c021000 rw-p 00000000 00:00 0 
7f3f8c021000-7f3f90000000 ---p 00000000 00:00 0 
7f3f90000000-7f3f90021000 rw-p 00000000 00:00 0 
7f3f90021000-7f3f94000000 ---p 00000000 00:00 0 
7f3f94000000-7f3f94021000 rw-p 00000000 00:00 0 
7f3f94021000-7f3f98000000 ---p 00000000 00:00 0 
7f3f98000000-7f3f98021000 rw-p 00000000 00:00 0 
7f3f98021000-7f3f9c000000 ---p 00000000 00:00 0 
7f3f9c000000-7f3f9c021000 rw-p 00000000 00:00 0 
7f3f9c021000-7f3fa0000000 ---p 00000000 00:00 0 
7f3fa1086000-7f3fa108a000 ---p 00000000 00:00 0 
7f3fa108a000-7f3fa1187000 rw-p 00000000 00:00 0 
7f3fa1187000-7f3fa118b000 ---p 00000000 00:00 0 
7f3fa118b000-7f3fa1388000 rw-p 00000000 00:00 0 
7f3fa1388000-7f3fa1488000 ---p 00000000 00:00 0 
7f3fa1488000-7f3fa148c000 ---p 00000000 00:00 0 
7f3fa148c000-7f3fa1589000 rw-p 00000000 00:00 0 
7f3fa1589000-7f3fa158d000 ---p 00000000 00:00 0 
7f3fa158d000-7f3fa168a000 rw-p 00000000 00:00 0 
7f3fa168a000-7f3fa168e000 ---p 00000000 00:00 0 
7f3fa168e000-7f3fa178b000 rw-p 00000000 00:00 0 
7f3fa178b000-7f3fa178f000 ---p 00000000 00:00 0 
7f3fa178f000-7f3fa188c000 rw-p 00000000 00:00 0 
7f3fa188c000-7f3fa1890000 ---p 00000000 00:00 0 
7f3fa1890000-7f3fa198d000 rw-p 00000000 00:00 0 
7f3fa198d000-7f3fa1992000 r-xp 00000000 08:01 1299492                    /usr/lib/x86_64-linux-gnu/libXfixes.so.3.1.0
7f3fa1992000-7f3fa1b91000 ---p 00005000 08:01 1299492                    /usr/lib/x86_64-linux-gnu/libXfixes.so.3.1.0
7f3fa1b91000-7f3fa1b92000 r--p 00004000 08:01 1299492                    /usr/lib/x86_64-linux-gnu/libXfixes.so.3.1.0
7f3fa1b92000-7f3fa1b93000 rw-p 00005000 08:01 1299492                    /usr/lib/x86_64-linux-gnu/libXfixes.so.3.1.0
7f3fa1b93000-7f3fa1b9c000 r-xp 00000000 08:01 1299484                    /usr/lib/x86_64-linux-gnu/libXcursor.so.1.0.2
7f3fa1b9c000-7f3fa1d9b000 ---p 00009000 08:01 1299484                    /usr/lib/x86_64-linux-gnu/libXcursor.so.1.0.2
7f3fa1d9b000-7f3fa1d9c000 r--p 00008000 08:01 1299484                    /usr/lib/x86_64-linux-gnu/libXcursor.so.1.0.2
7f3fa1d9c000-7f3fa1d9d000 rw-p 00009000 08:01 1299484                    /usr/lib/x86_64-linux-gnu/libXcursor.so.1.0.2
7f3fa1d9d000-7f3fa1d9e000 ---p 00000000 00:00 0 
7f3fa1d9e000-7f3fa259e000 rw-p 00000000 00:00 0 
7f3fa259e000-7f3fa259f000 ---p 00000000 00:00 0 
7f3fa259f000-7f3fa2d9f000 rw-p 00000000 00:00 0 
7f3fa2d9f000-7f3fa2dab000 r-xp 00000000 08:01 1299238                    /usr/lib/x86_64-linux-gnu/gio/modules/libdconfsettings.so
7f3fa2dab000-7f3fa2faa000 ---p 0000c000 08:01 1299238                    /usr/lib/x86_64-linux-gnu/gio/modules/libdconfsettings.so
7f3fa2faa000-7f3fa2fab000 r--p 0000b000 08:01 1299238                    /usr/lib/x86_64-linux-gnu/gio/modules/libdconfsettings.so
7f3fa2fab000-7f3fa2fac000 rw-p 0000c000 08:01 1299238                    /usr/lib/x86_64-linux-gnu/gio/modules/libdconfsettings.so
7f3fa2fac000-7f3fa2fb2000 r-xp 00000000 08:01 779492                     /lib/x86_64-linux-gnu/libuuid.so.1.3.0
7f3fa2fb2000-7f3fa31b1000 ---p 00006000 08:01 779492                     /lib/x86_64-linux-gnu/libuuid.so.1.3.0
7f3fa31b1000-7f3fa31b2000 r--p 00005000 08:01 779492                     /lib/x86_64-linux-gnu/libuuid.so.1.3.0
7f3fa31b2000-7f3fa31b3000 rw-p 00006000 08:01 779492                     /lib/x86_64-linux-gnu/libuuid.so.1.3.0
7f3fa31b3000-7f3fa31fa000 r-xp 00000000 08:01 779398                     /lib/x86_64-linux-gnu/libblkid.so.1.1.0
7f3fa31fa000-7f3fa33fa000 ---p 00047000 08:01 779398                     /lib/x86_64-linux-gnu/libblkid.so.1.1.0
7f3fa33fa000-7f3fa33fe000 r--p 00047000 08:01 779398                     /lib/x86_64-linux-gnu/libblkid.so.1.1.0
7f3fa33fe000-7f3fa33ff000 rw-p 0004b000 08:01 779398                     /lib/x86_64-linux-gnu/libblkid.so.1.1.0
7f3fa33ff000-7f3fa3400000 rw-p 00000000 00:00 0 
7f3fa3400000-7f3fa3470000 r-xp 00000000 08:01 779465                     /lib/x86_64-linux-gnu/libpcre.so.3.13.3
7f3fa3470000-7f3fa3670000 ---p 00070000 08:01 779465                     /lib/x86_64-linux-gnu/libpcre.so.3.13.3
7f3fa3670000-7f3fa3671000 r--p 00070000 08:01 779465                     /lib/x86_64-linux-gnu/libpcre.so.3.13.3
7f3fa3671000-7f3fa3672000 rw-p 00071000 08:01 779465                     /lib/x86_64-linux-gnu/libpcre.so.3.13.3
7f3fa3672000-7f3fa3679000 r-xp 00000000 08:01 780180                     /usr/lib/x86_64-linux-gnu/libffi.so.6.0.4
7f3fa3679000-7f3fa3878000 ---p 00007000 08:01 780180                     /usr/lib/x86_64-linux-gnu/libffi.so.6.0.4
7f3fa3878000-7f3fa3879000 r--p 00006000 08:01 780180                     /usr/lib/x86_64-linux-gnu/libffi.so.6.0.4
7f3fa3879000-7f3fa387a000 rw-p 00007000 08:01 780180                     /usr/lib/x86_64-linux-gnu/libffi.so.6.0.4
7f3fa387a000-7f3fa38cb000 r-xp 00000000 08:01 779433                     /lib/x86_64-linux-gnu/libmount.so.1.1.0
7f3fa38cb000-7f3fa3aca000 ---p 00051000 08:01 779433                     /lib/x86_64-linux-gnu/libmount.so.1.1.0
7f3fa3aca000-7f3fa3acc000 r--p 00050000 08:01 779433                     /lib/x86_64-linux-gnu/libmount.so.1.1.0
7f3fa3acc000-7f3fa3acd000 rw-p 00052000 08:01 779433                     /lib/x86_64-linux-gnu/libmount.so.1.1.0
7f3fa3acd000-7f3fa3ace000 rw-p 00000000 00:00 0 
7f3fa3ace000-7f3fa3ae5000 r-xp 00000000 08:01 779469                     /lib/x86_64-linux-gnu/libresolv-2.27.so
7f3fa3ae5000-7f3fa3ce5000 ---p 00017000 08:01 779469                     /lib/x86_64-linux-gnu/libresolv-2.27.so
7f3fa3ce5000-7f3fa3ce6000 r--p 00017000 08:01 779469                     /lib/x86_64-linux-gnu/libresolv-2.27.so
7f3fa3ce6000-7f3fa3ce7000 rw-p 00018000 08:01 779469                     /lib/x86_64-linux-gnu/libresolv-2.27.so
7f3fa3ce7000-7f3fa3ce9000 rw-p 00000000 00:00 0 
7f3fa3ce9000-7f3fa3dfd000 r-xp 00000000 08:01 1299868                    /usr/lib/x86_64-linux-gnu/libglib-2.0.so.0.5600.4
7f3fa3dfd000-7f3fa3ffd000 ---p 00114000 08:01 1299868                    /usr/lib/x86_64-linux-gnu/libglib-2.0.so.0.5600.4
7f3fa3ffd000-7f3fa3ffe000 r--p 00114000 08:01 1299868                    /usr/lib/x86_64-linux-gnu/libglib-2.0.so.0.5600.4
7f3fa3ffe000-7f3fa3fff000 rw-p 00115000 08:01 1299868                    /usr/lib/x86_64-linux-gnu/libglib-2.0.so.0.5600.4
7f3fa3fff000-7f3fa4000000 rw-p 00000000 00:00 0 
7f3fa4000000-7f3fa4021000 rw-p 00000000 00:00 0 
7f3fa4021000-7f3fa8000000 ---p 00000000 00:00 0 
7f3fa8000000-7f3fa8021000 rw-p 00000000 00:00 0 
7f3fa8021000-7f3fac000000 ---p 00000000 00:00 0 
7f3fac000000-7f3fac288000 rw-p 00000000 00:00 0 
7f3fac288000-7f3fb0000000 ---p 00000000 00:00 0 
7f3fb0000000-7f3fb0021000 rw-p 00000000 00:00 0 
7f3fb0021000-7f3fb4000000 ---p 00000000 00:00 0 
7f3fb4000000-7f3fb4021000 rw-p 00000000 00:00 0 
7f3fb4021000-7f3fb8000000 ---p 00000000 00:00 0 
7f3fb8000000-7f3fb86fb000 rw-p 00000000 00:00 0 
7f3fb86fb000-7f3fbc000000 ---p 00000000 00:00 0 
7f3fbc000000-7f3fbc021000 rw-p 00000000 00:00 0 
7f3fbc021000-7f3fc0000000 ---p 00000000 00:00 0 
7f3fc0000000-7f3fc0021000 rw-p 00000000 00:00 0 
7f3fc0021000-7f3fc4000000 ---p 00000000 00:00 0 
7f3fc4000000-7f3fc4021000 rw-p 00000000 00:00 0 
7f3fc4021000-7f3fc8000000 ---p 00000000 00:00 0 
7f3fc8092000-7f3fc80b7000 r-xp 00000000 08:01 779475                     /lib/x86_64-linux-gnu/libselinux.so.1
7f3fc80b7000-7f3fc82b6000 ---p 00025000 08:01 779475                     /lib/x86_64-linux-gnu/libselinux.so.1
7f3fc82b6000-7f3fc82b7000 r--p 00024000 08:01 779475                     /lib/x86_64-linux-gnu/libselinux.so.1
7f3fc82b7000-7f3fc82b8000 rw-p 00025000 08:01 779475                     /lib/x86_64-linux-gnu/libselinux.so.1
7f3fc82b8000-7f3fc82ba000 rw-p 00000000 00:00 0 
7f3fc82ba000-7f3fc82bd000 r-xp 00000000 08:01 1299874                    /usr/lib/x86_64-linux-gnu/libgmodule-2.0.so.0.5600.4
7f3fc82bd000-7f3fc84bc000 ---p 00003000 08:01 1299874                    /usr/lib/x86_64-linux-gnu/libgmodule-2.0.so.0.5600.4
7f3fc84bc000-7f3fc84bd000 r--p 00002000 08:01 1299874                    /usr/lib/x86_64-linux-gnu/libgmodule-2.0.so.0.5600.4
7f3fc84bd000-7f3fc84be000 rw-p 00003000 08:01 1299874                    /usr/lib/x86_64-linux-gnu/libgmodule-2.0.so.0.5600.4
7f3fc84be000-7f3fc8510000 r-xp 00000000 08:01 1299878                    /usr/lib/x86_64-linux-gnu/libgobject-2.0.so.0.5600.4
7f3fc8510000-7f3fc8710000 ---p 00052000 08:01 1299878                    /usr/lib/x86_64-linux-gnu/libgobject-2.0.so.0.5600.4
7f3fc8710000-7f3fc8711000 r--p 00052000 08:01 1299878                    /usr/lib/x86_64-linux-gnu/libgobject-2.0.so.0.5600.4
7f3fc8711000-7f3fc8712000 rw-p 00053000 08:01 1299878                    /usr/lib/x86_64-linux-gnu/libgobject-2.0.so.0.5600.4
7f3fc8712000-7f3fc88a7000 r-xp 00000000 08:01 1299860                    /usr/lib/x86_64-linux-gnu/libgio-2.0.so.0.5600.4
7f3fc88a7000-7f3fc8aa7000 ---p 00195000 08:01 1299860                    /usr/lib/x86_64-linux-gnu/libgio-2.0.so.0.5600.4
7f3fc8aa7000-7f3fc8aae000 r--p 00195000 08:01 1299860                    /usr/lib/x86_64-linux-gnu/libgio-2.0.so.0.5600.4
7f3fc8aae000-7f3fc8aaf000 rw-p 0019c000 08:01 1299860                    /usr/lib/x86_64-linux-gnu/libgio-2.0.so.0.5600.4
7f3fc8aaf000-7f3fc8ab1000 rw-p 00000000 00:00 0 
7f3fc8ab1000-7f3fc8abb000 r-xp 00000000 08:01 1299508                    /usr/lib/x86_64-linux-gnu/libXrandr.so.2.2.0
7f3fc8abb000-7f3fc8cba000 ---p 0000a000 08:01 1299508                    /usr/lib/x86_64-linux-gnu/libXrandr.so.2.2.0
7f3fc8cba000-7f3fc8cbb000 r--p 00009000 08:01 1299508                    /usr/lib/x86_64-linux-gnu/libXrandr.so.2.2.0
7f3fc8cbb000-7f3fc8cbc000 rw-p 0000a000 08:01 1299508                    /usr/lib/x86_64-linux-gnu/libXrandr.so.2.2.0
7f3fc8cbc000-7f3fc8ced000 r-xp 00000000 08:01 1300167                    /usr/lib/x86_64-linux-gnu/libpng16.so.16.34.0
7f3fc8ced000-7f3fc8eec000 ---p 00031000 08:01 1300167                    /usr/lib/x86_64-linux-gnu/libpng16.so.16.34.0
7f3fc8eec000-7f3fc8eed000 r--p 00030000 08:01 1300167                    /usr/lib/x86_64-linux-gnu/libpng16.so.16.34.0
7f3fc8eed000-7f3fc8eee000 rw-p 00031000 08:01 1300167                    /usr/lib/x86_64-linux-gnu/libpng16.so.16.34.0
7f3fc8eee000-7f3fc8f9b000 r-xp 00000000 08:01 1299841                    /usr/lib/x86_64-linux-gnu/libfreetype.so.6.15.0
7f3fc8f9b000-7f3fc919a000 ---p 000ad000 08:01 1299841                    /usr/lib/x86_64-linux-gnu/libfreetype.so.6.15.0
7f3fc919a000-7f3fc91a1000 r--p 000ac000 08:01 1299841                    /usr/lib/x86_64-linux-gnu/libfreetype.so.6.15.0
7f3fc91a1000-7f3fc91a2000 rw-p 000b3000 08:01 1299841                    /usr/lib/x86_64-linux-gnu/libfreetype.so.6.15.0
7f3fc91a2000-7f3fc92d6000 r-xp 00000000 08:01 2329024                    /usr/lib/jvm/java-11-openjdk-amd64/lib/libfontmanager.so
7f3fc92d6000-7f3fc94d6000 ---p 00134000 08:01 2329024                    /usr/lib/jvm/java-11-openjdk-amd64/lib/libfontmanager.so
7f3fc94d6000-7f3fc94d7000 r--p 00134000 08:01 2329024                    /usr/lib/jvm/java-11-openjdk-amd64/lib/libfontmanager.so
7f3fc94d7000-7f3fc94d8000 rw-p 00135000 08:01 2329024                    /usr/lib/jvm/java-11-openjdk-amd64/lib/libfontmanager.so
7f3fc94d8000-7f3fc94db000 rw-p 00000000 00:00 0 
7f3fc94db000-7f3fc94ee000 r-xp 00000000 08:01 1033790                    /lib/x86_64-linux-gnu/libbsd.so.0.8.7
7f3fc94ee000-7f3fc96ed000 ---p 00013000 08:01 1033790                    /lib/x86_64-linux-gnu/libbsd.so.0.8.7
7f3fc96ed000-7f3fc96ee000 r--p 00012000 08:01 1033790                    /lib/x86_64-linux-gnu/libbsd.so.0.8.7
7f3fc96ee000-7f3fc96ef000 rw-p 00013000 08:01 1033790                    /lib/x86_64-linux-gnu/libbsd.so.0.8.7
7f3fc96ef000-7f3fc96f0000 rw-p 00000000 00:00 0 
7f3fc96f0000-7f3fc96f5000 r-xp 00000000 08:01 1299488                    /usr/lib/x86_64-linux-gnu/libXdmcp.so.6.0.0
7f3fc96f5000-7f3fc98f4000 ---p 00005000 08:01 1299488                    /usr/lib/x86_64-linux-gnu/libXdmcp.so.6.0.0
7f3fc98f4000-7f3fc98f5000 r--p 00004000 08:01 1299488                    /usr/lib/x86_64-linux-gnu/libXdmcp.so.6.0.0
7f3fc98f5000-7f3fc98f6000 rw-p 00005000 08:01 1299488                    /usr/lib/x86_64-linux-gnu/libXdmcp.so.6.0.0
7f3fc98f6000-7f3fc98f8000 r-xp 00000000 08:01 1299477                    /usr/lib/x86_64-linux-gnu/libXau.so.6.0.0
7f3fc98f8000-7f3fc9af8000 ---p 00002000 08:01 1299477                    /usr/lib/x86_64-linux-gnu/libXau.so.6.0.0
7f3fc9af8000-7f3fc9af9000 r--p 00002000 08:01 1299477                    /usr/lib/x86_64-linux-gnu/libXau.so.6.0.0
7f3fc9af9000-7f3fc9afa000 rw-p 00003000 08:01 1299477                    /usr/lib/x86_64-linux-gnu/libXau.so.6.0.0
7f3fc9afa000-7f3fc9b20000 r-xp 00000000 08:01 1300370                    /usr/lib/x86_64-linux-gnu/libxcb.so.1.1.0
7f3fc9b20000-7f3fc9d20000 ---p 00026000 08:01 1300370                    /usr/lib/x86_64-linux-gnu/libxcb.so.1.1.0
7f3fc9d20000-7f3fc9d21000 r--p 00026000 08:01 1300370                    /usr/lib/x86_64-linux-gnu/libxcb.so.1.1.0
7f3fc9d21000-7f3fc9d22000 rw-p 00027000 08:01 1300370                    /usr/lib/x86_64-linux-gnu/libxcb.so.1.1.0
7f3fc9d22000-7f3fc9d31000 r-xp 00000000 08:01 1299498                    /usr/lib/x86_64-linux-gnu/libXi.so.6.1.0
7f3fc9d31000-7f3fc9f30000 ---p 0000f000 08:01 1299498                    /usr/lib/x86_64-linux-gnu/libXi.so.6.1.0
7f3fc9f30000-7f3fc9f31000 r--p 0000e000 08:01 1299498                    /usr/lib/x86_64-linux-gnu/libXi.so.6.1.0
7f3fc9f31000-7f3fc9f32000 rw-p 0000f000 08:01 1299498                    /usr/lib/x86_64-linux-gnu/libXi.so.6.1.0
7f3fc9f32000-7f3fc9f37000 r-xp 00000000 08:01 1299516                    /usr/lib/x86_64-linux-gnu/libXtst.so.6.1.0
7f3fc9f37000-7f3fca136000 ---p 00005000 08:01 1299516                    /usr/lib/x86_64-linux-gnu/libXtst.so.6.1.0
7f3fca136000-7f3fca137000 r--p 00004000 08:01 1299516                    /usr/lib/x86_64-linux-gnu/libXtst.so.6.1.0
7f3fca137000-7f3fca138000 rw-p 00005000 08:01 1299516                    /usr/lib/x86_64-linux-gnu/libXtst.so.6.1.0
7f3fca138000-7f3fca141000 r-xp 00000000 08:01 1299510                    /usr/lib/x86_64-linux-gnu/libXrender.so.1.3.0
7f3fca141000-7f3fca340000 ---p 00009000 08:01 1299510                    /usr/lib/x86_64-linux-gnu/libXrender.so.1.3.0
7f3fca340000-7f3fca341000 r--p 00008000 08:01 1299510                    /usr/lib/x86_64-linux-gnu/libXrender.so.1.3.0
7f3fca341000-7f3fca342000 rw-p 00009000 08:01 1299510                    /usr/lib/x86_64-linux-gnu/libXrender.so.1.3.0
7f3fca342000-7f3fca475000 r-xp 00000000 08:01 1299475                    /usr/lib/x86_64-linux-gnu/libX11.so.6.3.0
7f3fca475000-7f3fca675000 ---p 00133000 08:01 1299475                    /usr/lib/x86_64-linux-gnu/libX11.so.6.3.0
7f3fca675000-7f3fca676000 r--p 00133000 08:01 1299475                    /usr/lib/x86_64-linux-gnu/libX11.so.6.3.0
7f3fca676000-7f3fca67a000 rw-p 00134000 08:01 1299475                    /usr/lib/x86_64-linux-gnu/libX11.so.6.3.0
7f3fca67a000-7f3fca68b000 r-xp 00000000 08:01 1299490                    /usr/lib/x86_64-linux-gnu/libXext.so.6.4.0
7f3fca68b000-7f3fca88a000 ---p 00011000 08:01 1299490                    /usr/lib/x86_64-linux-gnu/libXext.so.6.4.0
7f3fca88a000-7f3fca88b000 r--p 00010000 08:01 1299490                    /usr/lib/x86_64-linux-gnu/libXext.so.6.4.0
7f3fca88b000-7f3fca88c000 rw-p 00011000 08:01 1299490                    /usr/lib/x86_64-linux-gnu/libXext.so.6.4.0
7f3fca88c000-7f3fca8eb000 r-xp 00000000 08:01 2329021                    /usr/lib/jvm/java-11-openjdk-amd64/lib/libawt_xawt.so
7f3fca8eb000-7f3fcaaeb000 ---p 0005f000 08:01 2329021                    /usr/lib/jvm/java-11-openjdk-amd64/lib/libawt_xawt.so
7f3fcaaeb000-7f3fcaaec000 r--p 0005f000 08:01 2329021                    /usr/lib/jvm/java-11-openjdk-amd64/lib/libawt_xawt.so
7f3fcaaec000-7f3fcaaee000 rw-p 00060000 08:01 2329021                    /usr/lib/jvm/java-11-openjdk-amd64/lib/libawt_xawt.so
7f3fcaaee000-7f3fcaaf0000 rw-p 00000000 00:00 0 
7f3fcaaf0000-7f3fcab8e000 r-xp 00000000 08:01 2329019                    /usr/lib/jvm/java-11-openjdk-amd64/lib/libawt.so
7f3fcab8e000-7f3fcad8e000 ---p 0009e000 08:01 2329019                    /usr/lib/jvm/java-11-openjdk-amd64/lib/libawt.so
7f3fcad8e000-7f3fcad8f000 r--p 0009e000 08:01 2329019                    /usr/lib/jvm/java-11-openjdk-amd64/lib/libawt.so
7f3fcad8f000-7f3fcad9a000 rw-p 0009f000 08:01 2329019                    /usr/lib/jvm/java-11-openjdk-amd64/lib/libawt.so
7f3fcad9a000-7f3fcadbf000 rw-p 00000000 00:00 0 
7f3fcadbf000-7f3fcadd5000 r-xp 00000000 08:01 2329042                    /usr/lib/jvm/java-11-openjdk-amd64/lib/libnet.so
7f3fcadd5000-7f3fcafd4000 ---p 00016000 08:01 2329042                    /usr/lib/jvm/java-11-openjdk-amd64/lib/libnet.so
7f3fcafd4000-7f3fcafd5000 r--p 00015000 08:01 2329042                    /usr/lib/jvm/java-11-openjdk-amd64/lib/libnet.so
7f3fcafd5000-7f3fcafd6000 rw-p 00016000 08:01 2329042                    /usr/lib/jvm/java-11-openjdk-amd64/lib/libnet.so
7f3fcafd6000-7f3fcafe6000 r-xp 00000000 08:01 2329043                    /usr/lib/jvm/java-11-openjdk-amd64/lib/libnio.so
7f3fcafe6000-7f3fcb1e5000 ---p 00010000 08:01 2329043                    /usr/lib/jvm/java-11-openjdk-amd64/lib/libnio.so
7f3fcb1e5000-7f3fcb1e6000 r--p 0000f000 08:01 2329043                    /usr/lib/jvm/java-11-openjdk-amd64/lib/libnio.so
7f3fcb1e6000-7f3fcb1e7000 rw-p 00010000 08:01 2329043                    /usr/lib/jvm/java-11-openjdk-amd64/lib/libnio.so
7f3fcb1e7000-7f3fcb1eb000 ---p 00000000 00:00 0 
7f3fcb1eb000-7f3fcb2e8000 rw-p 00000000 00:00 0 
7f3fcb2e8000-7f3fcb2e9000 ---p 00000000 00:00 0 
7f3fcb2e9000-7f3fcb3ea000 rw-p 00000000 00:00 0 
7f3fcb3ea000-7f3fcb3ee000 ---p 00000000 00:00 0 
7f3fcb3ee000-7f3fcb4eb000 rw-p 00000000 00:00 0 
7f3fcb4eb000-7f3fcb4ef000 ---p 00000000 00:00 0 
7f3fcb4ef000-7f3fcb5ec000 rw-p 00000000 00:00 0 
7f3fcb5ec000-7f3fcb5f0000 ---p 00000000 00:00 0 
7f3fcb5f0000-7f3fcb6ed000 rw-p 00000000 00:00 0 
7f3fcb6ed000-7f3fcb6f1000 ---p 00000000 00:00 0 
7f3fcb6f1000-7f3fcb7ee000 rw-p 00000000 00:00 0 
7f3fcb7ee000-7f3fcb7f2000 ---p 00000000 00:00 0 
7f3fcb7f2000-7f3fcb8ef000 rw-p 00000000 00:00 0 
7f3fcb8ef000-7f3fcba8a000 r--p 00000000 08:01 1295520                    /usr/lib/locale/locale-archive
7f3fcba8a000-7f3fcba8e000 ---p 00000000 00:00 0 
7f3fcba8e000-7f3fcbb8b000 rw-p 00000000 00:00 0 
7f3fcbb8b000-7f3fcbb8f000 ---p 00000000 00:00 0 
7f3fcbb8f000-7f3fcbc8c000 rw-p 00000000 00:00 0 
7f3fcbc8c000-7f3fcbc8d000 ---p 00000000 00:00 0 
7f3fcbc8d000-7f3fcc60f000 rw-p 00000000 00:00 0 
7f3fcc60f000-7f3fcc614000 rw-p 00000000 00:00 0 
7f3fcc614000-7f3fcc6fa000 ---p 00000000 00:00 0 
7f3fcc6fa000-7f3fcc96a000 rwxp 00000000 00:00 0 
7f3fcc96a000-7f3fccc89000 ---p 00000000 00:00 0 
7f3fccc89000-7f3fccef9000 rwxp 00000000 00:00 0 
7f3fccef9000-7f3fd41c1000 ---p 00000000 00:00 0 
7f3fd41c1000-7f3fd4431000 rwxp 00000000 00:00 0 
7f3fd4431000-7f3fdb6fa000 ---p 00000000 00:00 0 
7f3fdb6fa000-7f3fdb701000 r-xp 00000000 08:01 2329052                    /usr/lib/jvm/java-11-openjdk-amd64/lib/libzip.so
7f3fdb701000-7f3fdb900000 ---p 00007000 08:01 2329052                    /usr/lib/jvm/java-11-openjdk-amd64/lib/libzip.so
7f3fdb900000-7f3fdb901000 r--p 00006000 08:01 2329052                    /usr/lib/jvm/java-11-openjdk-amd64/lib/libzip.so
7f3fdb901000-7f3fdb902000 rw-p 00007000 08:01 2329052                    /usr/lib/jvm/java-11-openjdk-amd64/lib/libzip.so
7f3fdc000000-7f3fdc021000 rw-p 00000000 00:00 0 
7f3fdc021000-7f3fe0000000 ---p 00000000 00:00 0 
7f3fe3eff000-7f3fe3f03000 ---p 00000000 00:00 0 
7f3fe3f03000-7f3fe4000000 rw-p 00000000 00:00 0 
7f3fe4000000-7f3fe4220000 rw-p 00000000 00:00 0 
7f3fe4220000-7f3fe8000000 ---p 00000000 00:00 0 
7f3fe8075000-7f3fe807e000 r--p 00000000 08:01 1549776                    /usr/share/glib-2.0/schemas/gschemas.compiled
7f3fe807e000-7f3fe80de000 rw-p 00000000 00:00 0 
7f3fe80de000-7f3fe81c4000 ---p 00000000 00:00 0 
7f3fe81c4000-7f3fe81cf000 r-xp 00000000 08:01 779446                     /lib/x86_64-linux-gnu/libnss_files-2.27.so
7f3fe81cf000-7f3fe83ce000 ---p 0000b000 08:01 779446                     /lib/x86_64-linux-gnu/libnss_files-2.27.so
7f3fe83ce000-7f3fe83cf000 r--p 0000a000 08:01 779446                     /lib/x86_64-linux-gnu/libnss_files-2.27.so
7f3fe83cf000-7f3fe83d0000 rw-p 0000b000 08:01 779446                     /lib/x86_64-linux-gnu/libnss_files-2.27.so
7f3fe83d0000-7f3fe83d6000 rw-p 00000000 00:00 0 
7f3fe83d6000-7f3fe83ed000 r-xp 00000000 08:01 779440                     /lib/x86_64-linux-gnu/libnsl-2.27.so
7f3fe83ed000-7f3fe85ec000 ---p 00017000 08:01 779440                     /lib/x86_64-linux-gnu/libnsl-2.27.so
7f3fe85ec000-7f3fe85ed000 r--p 00016000 08:01 779440                     /lib/x86_64-linux-gnu/libnsl-2.27.so
7f3fe85ed000-7f3fe85ee000 rw-p 00017000 08:01 779440                     /lib/x86_64-linux-gnu/libnsl-2.27.so
7f3fe85ee000-7f3fe85f0000 rw-p 00000000 00:00 0 
7f3fe85f0000-7f3fe85fb000 r-xp 00000000 08:01 779450                     /lib/x86_64-linux-gnu/libnss_nis-2.27.so
7f3fe85fb000-7f3fe87fa000 ---p 0000b000 08:01 779450                     /lib/x86_64-linux-gnu/libnss_nis-2.27.so
7f3fe87fa000-7f3fe87fb000 r--p 0000a000 08:01 779450                     /lib/x86_64-linux-gnu/libnss_nis-2.27.so
7f3fe87fb000-7f3fe87fc000 rw-p 0000b000 08:01 779450                     /lib/x86_64-linux-gnu/libnss_nis-2.27.so
7f3fe87fc000-7f3fe8804000 r-xp 00000000 08:01 779442                     /lib/x86_64-linux-gnu/libnss_compat-2.27.so
7f3fe8804000-7f3fe8a04000 ---p 00008000 08:01 779442                     /lib/x86_64-linux-gnu/libnss_compat-2.27.so
7f3fe8a04000-7f3fe8a05000 r--p 00008000 08:01 779442                     /lib/x86_64-linux-gnu/libnss_compat-2.27.so
7f3fe8a05000-7f3fe8a06000 rw-p 00009000 08:01 779442                     /lib/x86_64-linux-gnu/libnss_compat-2.27.so
7f3fe8a06000-7f3fe8a0b000 r-xp 00000000 08:01 2329034                    /usr/lib/jvm/java-11-openjdk-amd64/lib/libjimage.so
7f3fe8a0b000-7f3fe8c0a000 ---p 00005000 08:01 2329034                    /usr/lib/jvm/java-11-openjdk-amd64/lib/libjimage.so
7f3fe8c0a000-7f3fe8c0b000 r--p 00004000 08:01 2329034                    /usr/lib/jvm/java-11-openjdk-amd64/lib/libjimage.so
7f3fe8c0b000-7f3fe8c0c000 rw-p 00005000 08:01 2329034                    /usr/lib/jvm/java-11-openjdk-amd64/lib/libjimage.so
7f3fe8c0c000-7f3fe8c35000 r-xp 00000000 08:01 2329030                    /usr/lib/jvm/java-11-openjdk-amd64/lib/libjava.so
7f3fe8c35000-7f3fe8e35000 ---p 00029000 08:01 2329030                    /usr/lib/jvm/java-11-openjdk-amd64/lib/libjava.so
7f3fe8e35000-7f3fe8e36000 r--p 00029000 08:01 2329030                    /usr/lib/jvm/java-11-openjdk-amd64/lib/libjava.so
7f3fe8e36000-7f3fe8e37000 rw-p 0002a000 08:01 2329030                    /usr/lib/jvm/java-11-openjdk-amd64/lib/libjava.so
7f3fe8e37000-7f3fe8e38000 rw-p 00000000 00:00 0 
7f3fe8e38000-7f3fe8e45000 r-xp 00000000 08:01 2329051                    /usr/lib/jvm/java-11-openjdk-amd64/lib/libverify.so
7f3fe8e45000-7f3fe9044000 ---p 0000d000 08:01 2329051                    /usr/lib/jvm/java-11-openjdk-amd64/lib/libverify.so
7f3fe9044000-7f3fe9046000 r--p 0000c000 08:01 2329051                    /usr/lib/jvm/java-11-openjdk-amd64/lib/libverify.so
7f3fe9046000-7f3fe9047000 rw-p 0000e000 08:01 2329051                    /usr/lib/jvm/java-11-openjdk-amd64/lib/libverify.so
7f3fe9047000-7f3fe904e000 r-xp 00000000 08:01 779471                     /lib/x86_64-linux-gnu/librt-2.27.so
7f3fe904e000-7f3fe924d000 ---p 00007000 08:01 779471                     /lib/x86_64-linux-gnu/librt-2.27.so
7f3fe924d000-7f3fe924e000 r--p 00006000 08:01 779471                     /lib/x86_64-linux-gnu/librt-2.27.so
7f3fe924e000-7f3fe924f000 rw-p 00007000 08:01 779471                     /lib/x86_64-linux-gnu/librt-2.27.so
7f3fe924f000-7f3fe9266000 r-xp 00000000 08:01 779421                     /lib/x86_64-linux-gnu/libgcc_s.so.1
7f3fe9266000-7f3fe9465000 ---p 00017000 08:01 779421                     /lib/x86_64-linux-gnu/libgcc_s.so.1
7f3fe9465000-7f3fe9466000 r--p 00016000 08:01 779421                     /lib/x86_64-linux-gnu/libgcc_s.so.1
7f3fe9466000-7f3fe9467000 rw-p 00017000 08:01 779421                     /lib/x86_64-linux-gnu/libgcc_s.so.1
7f3fe9467000-7f3fe9604000 r-xp 00000000 08:01 779429                     /lib/x86_64-linux-gnu/libm-2.27.so
7f3fe9604000-7f3fe9803000 ---p 0019d000 08:01 779429                     /lib/x86_64-linux-gnu/libm-2.27.so
7f3fe9803000-7f3fe9804000 r--p 0019c000 08:01 779429                     /lib/x86_64-linux-gnu/libm-2.27.so
7f3fe9804000-7f3fe9805000 rw-p 0019d000 08:01 779429                     /lib/x86_64-linux-gnu/libm-2.27.so
7f3fe9805000-7f3fe997e000 r-xp 00000000 08:01 780212                     /usr/lib/x86_64-linux-gnu/libstdc++.so.6.0.25
7f3fe997e000-7f3fe9b7e000 ---p 00179000 08:01 780212                     /usr/lib/x86_64-linux-gnu/libstdc++.so.6.0.25
7f3fe9b7e000-7f3fe9b88000 r--p 00179000 08:01 780212                     /usr/lib/x86_64-linux-gnu/libstdc++.so.6.0.25
7f3fe9b88000-7f3fe9b8a000 rw-p 00183000 08:01 780212                     /usr/lib/x86_64-linux-gnu/libstdc++.so.6.0.25
7f3fe9b8a000-7f3fe9b8e000 rw-p 00000000 00:00 0 
7f3fe9b8e000-7f3feac6c000 r-xp 00000000 08:01 2329065                    /usr/lib/jvm/java-11-openjdk-amd64/lib/server/libjvm.so
7f3feac6c000-7f3feae6b000 ---p 010de000 08:01 2329065                    /usr/lib/jvm/java-11-openjdk-amd64/lib/server/libjvm.so
7f3feae6b000-7f3feaf28000 r--p 010dd000 08:01 2329065                    /usr/lib/jvm/java-11-openjdk-amd64/lib/server/libjvm.so
7f3feaf28000-7f3feaf61000 rw-p 0119a000 08:01 2329065                    /usr/lib/jvm/java-11-openjdk-amd64/lib/server/libjvm.so
7f3feaf61000-7f3feafb8000 rw-p 00000000 00:00 0 
7f3feafb8000-7f3feafd2000 r-xp 00000000 08:01 779467                     /lib/x86_64-linux-gnu/libpthread-2.27.so
7f3feafd2000-7f3feb1d1000 ---p 0001a000 08:01 779467                     /lib/x86_64-linux-gnu/libpthread-2.27.so
7f3feb1d1000-7f3feb1d2000 r--p 00019000 08:01 779467                     /lib/x86_64-linux-gnu/libpthread-2.27.so
7f3feb1d2000-7f3feb1d3000 rw-p 0001a000 08:01 779467                     /lib/x86_64-linux-gnu/libpthread-2.27.so
7f3feb1d3000-7f3feb1d7000 rw-p 00000000 00:00 0 
7f3feb1d7000-7f3feb1da000 r-xp 00000000 08:01 779413                     /lib/x86_64-linux-gnu/libdl-2.27.so
7f3feb1da000-7f3feb3d9000 ---p 00003000 08:01 779413                     /lib/x86_64-linux-gnu/libdl-2.27.so
7f3feb3d9000-7f3feb3da000 r--p 00002000 08:01 779413                     /lib/x86_64-linux-gnu/libdl-2.27.so
7f3feb3da000-7f3feb3db000 rw-p 00003000 08:01 779413                     /lib/x86_64-linux-gnu/libdl-2.27.so
7f3feb3db000-7f3feb3f7000 r-xp 00000000 08:01 779494                     /lib/x86_64-linux-gnu/libz.so.1.2.11
7f3feb3f7000-7f3feb5f6000 ---p 0001c000 08:01 779494                     /lib/x86_64-linux-gnu/libz.so.1.2.11
7f3feb5f6000-7f3feb5f7000 r--p 0001b000 08:01 779494                     /lib/x86_64-linux-gnu/libz.so.1.2.11
7f3feb5f7000-7f3feb5f8000 rw-p 0001c000 08:01 779494                     /lib/x86_64-linux-gnu/libz.so.1.2.11
7f3feb5f8000-7f3feb7df000 r-xp 00000000 08:01 779402                     /lib/x86_64-linux-gnu/libc-2.27.so
7f3feb7df000-7f3feb9df000 ---p 001e7000 08:01 779402                     /lib/x86_64-linux-gnu/libc-2.27.so
7f3feb9df000-7f3feb9e3000 r--p 001e7000 08:01 779402                     /lib/x86_64-linux-gnu/libc-2.27.so
7f3feb9e3000-7f3feb9e5000 rw-p 001eb000 08:01 779402                     /lib/x86_64-linux-gnu/libc-2.27.so
7f3feb9e5000-7f3feb9e9000 rw-p 00000000 00:00 0 
7f3feb9e9000-7f3feb9f9000 r-xp 00000000 08:01 2329012                    /usr/lib/jvm/java-11-openjdk-amd64/lib/jli/libjli.so
7f3feb9f9000-7f3febbf8000 ---p 00010000 08:01 2329012                    /usr/lib/jvm/java-11-openjdk-amd64/lib/jli/libjli.so
7f3febbf8000-7f3febbf9000 r--p 0000f000 08:01 2329012                    /usr/lib/jvm/java-11-openjdk-amd64/lib/jli/libjli.so
7f3febbf9000-7f3febbfa000 rw-p 00010000 08:01 2329012                    /usr/lib/jvm/java-11-openjdk-amd64/lib/jli/libjli.so
7f3febbfa000-7f3febc21000 r-xp 00000000 08:01 779384                     /lib/x86_64-linux-gnu/ld-2.27.so
7f3febc25000-7f3febc92000 rw-p 00000000 00:00 0 
7f3febc92000-7f3febcba000 ---p 00000000 00:00 0 
7f3febcba000-7f3febcbc000 rw-p 00000000 00:00 0 
7f3febcbc000-7f3febccf000 ---p 00000000 00:00 0 
7f3febccf000-7f3febcd2000 rw-p 00000000 00:00 0 
7f3febcd2000-7f3febcfa000 ---p 00000000 00:00 0 
7f3febcfa000-7f3febcfb000 rw-p 00000000 00:00 0 
7f3febcfb000-7f3febcff000 ---p 00000000 00:00 0 
7f3febcff000-7f3febe01000 rw-p 00000000 00:00 0 
7f3febe01000-7f3febe02000 r--s 00000000 08:01 11901451                   /home/runner/.cache/dconf/user
7f3febe02000-7f3febe07000 rw-p 00000000 00:00 0 
7f3febe07000-7f3febe0e000 ---p 00000000 00:00 0 
7f3febe0e000-7f3febe10000 r--s 00007000 08:01 3106117                    /usr/share/java/java-atk-wrapper.jar
7f3febe10000-7f3febe18000 rw-s 00000000 08:01 11900265                   /tmp/hsperfdata_runner/1644
7f3febe18000-7f3febe19000 ---p 00000000 00:00 0 
7f3febe19000-7f3febe1a000 r--p 00000000 00:00 0 
7f3febe1a000-7f3febe1b000 r--p 00000000 08:01 2080406                    /usr/local/lib/repl.so
7f3febe1b000-7f3febe1c000 r-xp 00001000 08:01 2080406                    /usr/local/lib/repl.so
7f3febe1c000-7f3febe1d000 r--p 00002000 08:01 2080406                    /usr/local/lib/repl.so
7f3febe1d000-7f3febe1e000 r--p 00002000 08:01 2080406                    /usr/local/lib/repl.so
7f3febe1e000-7f3febe1f000 rw-p 00003000 08:01 2080406                    /usr/local/lib/repl.so
7f3febe1f000-7f3febe21000 rw-p 00000000 00:00 0 
7f3febe21000-7f3febe22000 r--p 00027000 08:01 779384                     /lib/x86_64-linux-gnu/ld-2.27.so
7f3febe22000-7f3febe23000 rw-p 00028000 08:01 779384                     /lib/x86_64-linux-gnu/ld-2.27.so
7f3febe23000-7f3febe24000 rw-p 00000000 00:00 0 
7ffeeb9e9000-7ffeeba0a000 rw-p 00000000 00:00 0                          [stack]
7ffeebbcf000-7ffeebbd2000 r--p 00000000 00:00 0                          [vvar]
7ffeebbd2000-7ffeebbd3000 r-xp 00000000 00:00 0                          [vdso]
ffffffffff600000-ffffffffff601000 r-xp 00000000 00:00 0                  [vsyscall]


VM Arguments:
java_command: Main
java_class_path (initial): .
Launcher Type: SUN_STANDARD

[Global flags]
     intx CICompilerCount                          = 2                                         {product} {ergonomic}
   size_t InitialHeapSize                          = 8388608                                   {product} {ergonomic}
   size_t MaxHeapSize                              = 134217728                                 {product} {ergonomic}
   size_t MaxNewSize                               = 44695552                                  {product} {ergonomic}
   size_t MinHeapDeltaBytes                        = 196608                                    {product} {ergonomic}
   size_t NewSize                                  = 2752512                                   {product} {ergonomic}
    uintx NonNMethodCodeHeapSize                   = 5825164                                {pd product} {ergonomic}
    uintx NonProfiledCodeHeapSize                  = 122916538                              {pd product} {